[debug] [2021-01-14T23:00:49.827Z] ----------------------------------------------------------------------
[debug] [2021-01-14T23:00:49.828Z] Command:       /home/thomasloader/.nvm/versions/node/v12.18.3/bin/node /home/thomasloader/.nvm/versions/node/v12.18.3/bin/firebase init
[debug] [2021-01-14T23:00:49.828Z] CLI Version:   9.2.0
[debug] [2021-01-14T23:00:49.828Z] Platform:      linux
[debug] [2021-01-14T23:00:49.828Z] Node Version:  v12.18.3
[debug] [2021-01-14T23:00:49.828Z] Time:          Thu Jan 14 2021 20:00:49 GMT-0300 (GMT-03:00)
[debug] [2021-01-14T23:00:49.828Z] ----------------------------------------------------------------------
[debug] [2021-01-14T23:00:49.828Z] 
[debug] [2021-01-14T23:00:49.830Z] > command requires scopes: ["email","openid","https://www.googleapis.com/auth/cloudplatformprojects.readonly","https://www.googleapis.com/auth/firebase","https://www.googleapis.com/auth/cloud-platform"]
[debug] [2021-01-14T23:00:49.831Z] > authorizing via signed-in user
[info] 
     ######## #### ########  ######## ########     ###     ######  ########
     ##        ##  ##     ## ##       ##     ##  ##   ##  ##       ##
     ######    ##  ########  ######   ########  #########  ######  ######
     ##        ##  ##    ##  ##       ##     ## ##     ##       ## ##
     ##       #### ##     ## ######## ########  ##     ##  ######  ########

You're about to initialize a Firebase project in this directory:

  /home/thomasloader/dev/giffy

[info] 
=== Project Setup
[info] 
[info] First, let's associate this project directory with a Firebase project.
[info] You can create multiple project aliases by running firebase use --add, 
[info] but for now we'll just set up a default project.
[info] 
[debug] [2021-01-14T23:00:55.012Z] > refreshing access token with scopes: []
[debug] [2021-01-14T23:00:55.012Z] >>> HTTP REQUEST POST https://www.googleapis.com/oauth2/v3/token  
 <request body omitted>
[debug] [2021-01-14T23:00:55.155Z] <<< HTTP RESPONSE 200 {"pragma":"no-cache","date":"Thu, 14 Jan 2021 23:00:55 GMT","cache-control":"no-cache, no-store, max-age=0, must-revalidate","expires":"Mon, 01 Jan 1990 00:00:00 GMT","content-type":"application/json; charset=utf-8","vary":"X-Origin, Referer, Origin,Accept-Encoding","server":"scaffolding on HTTPServer2","x-xss-protection":"0","x-frame-options":"SAMEORIGIN","x-content-type-options":"nosniff","alt-svc":"h3-29=\":443\"; ma=2592000,h3-T051=\":443\"; ma=2592000,h3-Q050=\":443\"; ma=2592000,h3-Q046=\":443\"; ma=2592000,h3-Q043=\":443\"; ma=2592000,quic=\":443\"; ma=2592000; v=\"46,43\"","accept-ranges":"none","transfer-encoding":"chunked"}
[debug] [2021-01-14T23:00:55.161Z] >>> [apiv2][query] GET https://firebase.googleapis.com/v1beta1/projects pageSize=100
[debug] [2021-01-14T23:00:55.620Z] <<< [apiv2][status] GET https://firebase.googleapis.com/v1beta1/projects 200
[debug] [2021-01-14T23:00:55.620Z] <<< [apiv2][body] GET https://firebase.googleapis.com/v1beta1/projects [omitted]
[info] i  Using project react-giffy-app (react-giffy-app) 
[info] 
=== Hosting Setup
[info] 
[info] Your public directory is the folder (relative to your project directory) that
[info] will contain Hosting assets to be uploaded with firebase deploy. If you
[info] have a build process for your assets, use your build's output directory.
[info] 
[debug] [2021-01-14T23:01:40.421Z] >>> [apiv2][query] GET https://www.gstatic.com/firebasejs/releases.json [none]
[debug] [2021-01-14T23:01:40.510Z] <<< [apiv2][status] GET https://www.gstatic.com/firebasejs/releases.json 200
[debug] [2021-01-14T23:01:40.511Z] <<< [apiv2][body] GET https://www.gstatic.com/firebasejs/releases.json {"current":{"version":"8.2.2","browserURL":"https://www.gstatic.com/firebasejs/8.2.2/firebase.js","packageURL":"https://www.gstatic.com/firebasejs/8.2.2/firebase.tgz"},"live":{"version":"8.2","browserURL":"https://www.gstatic.com/firebasejs/live/8.2/firebase.js","packageURL":"https://www.gstatic.com/firebasejs/live/8.2/firebase.tgz"},"components":{"analytics":"https://www.gstatic.com/firebasejs/8.2.2/firebase-analytics.js","app":"https://www.gstatic.com/firebasejs/8.2.2/firebase-app.js","auth":"https://www.gstatic.com/firebasejs/8.2.2/firebase-auth.js","database":"https://www.gstatic.com/firebasejs/8.2.2/firebase-database.js","firestore":"https://www.gstatic.com/firebasejs/8.2.2/firebase-firestore.js","functions":"https://www.gstatic.com/firebasejs/8.2.2/firebase-functions.js","installations":"https://www.gstatic.com/firebasejs/8.2.2/firebase-installations.js","messaging":"https://www.gstatic.com/firebasejs/8.2.2/firebase-messaging.js","storage":"https://www.gstatic.com/firebasejs/8.2.2/firebase-storage.js","performance":"https://www.gstatic.com/firebasejs/8.2.2/firebase-performance.js","remote-config":"https://www.gstatic.com/firebasejs/8.2.2/firebase-remote-config.js","firestore.memory":"https://www.gstatic.com/firebasejs/8.2.2/firebase-firestore.memory.js"}}
[info] i  Skipping write of build/index.html 
[info] 
[info] i  Detected a .git folder at /home/thomasloader/dev/giffy 
[info] i  Authorizing with GitHub to upload your service account to a GitHub repository's secrets store. 
[info] 
[info] Visit this URL on this device to log in:
[info] https://github.com/login/oauth/authorize?client_id=89cf50f02ac6aaed3484&state=976839314&redirect_uri=http%3A%2F%2Flocalhost%3A9005&scope=read%3Auser%20repo%20public_repo
[info] 
[info] Waiting for authentication...
[debug] [2021-01-14T23:01:48.290Z] >>> HTTP REQUEST POST https://github.com/login/oauth/access_token  
 {"client_id":"89cf50f02ac6aaed3484","client_secret":"3330d14abc895d9a74d5f17cd7a00711fa2c5bf0","code":"4e40d99888bd1cf44ef5","redirect_uri":"http://localhost:9005","state":"976839314"}
[debug] [2021-01-14T23:01:48.864Z] <<< HTTP RESPONSE 200 {"server":"GitHub.com","date":"Thu, 14 Jan 2021 23:01:48 GMT","content-type":"application/json; charset=utf-8","transfer-encoding":"chunked","status":"200 OK","vary":"X-PJAX, Accept-Encoding, Accept, X-Requested-With","etag":"W/\"aad4c1baad21e980ad5ce56f1726811f\"","cache-control":"max-age=0, private, must-revalidate","strict-transport-security":"max-age=31536000; includeSubdomains; preload","x-frame-options":"deny","x-content-type-options":"nosniff","x-xss-protection":"1; mode=block","referrer-policy":"origin-when-cross-origin, strict-origin-when-cross-origin","expect-ct":"max-age=2592000, report-uri=\"https://api.github.com/_private/browser/errors\"","content-security-policy":"default-src 'none'; base-uri 'self'; block-all-mixed-content; connect-src 'self' uploads.github.com www.githubstatus.com collector.githubapp.com api.github.com github-cloud.s3.amazonaws.com github-production-repository-file-5c1aeb.s3.amazonaws.com github-production-upload-manifest-file-7fdce7.s3.amazonaws.com github-production-user-asset-6210df.s3.amazonaws.com cdn.optimizely.com logx.optimizely.com/v1/events wss://alive.github.com; font-src github.githubassets.com; form-action 'self' github.com gist.github.com; frame-ancestors 'none'; frame-src render.githubusercontent.com; img-src 'self' data: github.githubassets.com identicons.github.com collector.githubapp.com github-cloud.s3.amazonaws.com *.githubusercontent.com; manifest-src 'self'; media-src 'none'; script-src github.githubassets.com; style-src 'unsafe-inline' github.githubassets.com; worker-src github.com/socket-worker-5029ae85.js gist.github.com/socket-worker-5029ae85.js","x-github-request-id":"9CF4:11FE:1771E3:273104:6000CD5C"}
[debug] [2021-01-14T23:01:48.865Z] >>> [apiv2][query] GET https://api.github.com/user [none]
[debug] [2021-01-14T23:01:49.473Z] <<< [apiv2][status] GET https://api.github.com/user 200
[debug] [2021-01-14T23:01:49.474Z] <<< [apiv2][body] GET https://api.github.com/user {"login":"thomasloader1","id":42984450,"node_id":"MDQ6VXNlcjQyOTg0NDUw","avatar_url":"https://avatars2.githubusercontent.com/u/42984450?v=4","gravatar_id":"","url":"https://api.github.com/users/thomasloader1","html_url":"https://github.com/thomasloader1","followers_url":"https://api.github.com/users/thomasloader1/followers","following_url":"https://api.github.com/users/thomasloader1/following{/other_user}","gists_url":"https://api.github.com/users/thomasloader1/gists{/gist_id}","starred_url":"https://api.github.com/users/thomasloader1/starred{/owner}{/repo}","subscriptions_url":"https://api.github.com/users/thomasloader1/subscriptions","organizations_url":"https://api.github.com/users/thomasloader1/orgs","repos_url":"https://api.github.com/users/thomasloader1/repos","events_url":"https://api.github.com/users/thomasloader1/events{/privacy}","received_events_url":"https://api.github.com/users/thomasloader1/received_events","type":"User","site_admin":false,"name":null,"company":null,"blog":"","location":null,"email":null,"hireable":null,"bio":null,"twitter_username":null,"public_repos":48,"public_gists":0,"followers":4,"following":9,"created_at":"2018-09-04T22:54:14Z","updated_at":"2021-01-14T03:10:42Z","private_gists":0,"total_private_repos":4,"owned_private_repos":4,"disk_usage":284076,"collaborators":1,"two_factor_authentication":false,"plan":{"name":"free","space":976562499,"collaborators":0,"private_repos":10000}}
[info] 
[info] ✔  Success! Logged into GitHub as thomasloader1 
[info] 
